[2025-06-22 15:09:06,718] INFO django.utils.autoreload Watching for file changes with StatReloader
[2025-06-22 15:09:14,765] INFO orders.views Sales Analytics report created
[2025-06-22 15:09:14,766] INFO django.server "GET /reports/sales/ HTTP/1.1" 200 9873
[2025-06-22 15:26:49,306] INFO django.utils.autoreload Watching for file changes with StatReloader
[2025-06-22 15:27:09,142] INFO orders.views Order created
[2025-06-22 15:27:09,147] INFO django.server "POST /orders/ HTTP/1.1" 201 40
[2025-06-22 15:30:01,944] INFO django.utils.autoreload /home/kyialbek/Projects/python_workspace/Kassir/orders/serializers.py changed, reloading.
[2025-06-22 15:30:02,471] INFO django.utils.autoreload Watching for file changes with StatReloader
[2025-06-22 15:30:21,485] INFO orders.serializers Subtotal '100.00', Total '412.0000'
[2025-06-22 15:30:21,490] INFO orders.views Order created
[2025-06-22 15:30:21,491] INFO django.server "POST /orders/ HTTP/1.1" 201 40
[2025-06-22 15:37:15,249] INFO django.utils.autoreload Watching for file changes with StatReloader
[2025-06-22 15:39:09,841] INFO django.utils.autoreload Watching for file changes with StatReloader
[2025-06-22 15:39:15,276] INFO django.server "GET /swagger/ HTTP/1.1" 200 2222
[2025-06-22 15:39:15,339] INFO django.server "GET /static/drf-yasg/style.css HTTP/1.1" 304 0
[2025-06-22 15:39:15,352] INFO django.server "GET /static/drf-yasg/swagger-ui-dist/swagger-ui-standalone-preset.js HTTP/1.1" 304 0
[2025-06-22 15:39:15,353] INFO django.server "GET /static/drf-yasg/swagger-ui-init.js HTTP/1.1" 304 0
[2025-06-22 15:39:15,356] INFO django.server "GET /static/drf-yasg/immutable.min.js HTTP/1.1" 304 0
[2025-06-22 15:39:15,357] INFO django.server "GET /static/drf-yasg/swagger-ui-dist/swagger-ui-bundle.js HTTP/1.1" 304 0
[2025-06-22 15:39:15,357] INFO django.server "GET /static/drf-yasg/insQ.min.js HTTP/1.1" 304 0
[2025-06-22 15:39:15,358] INFO django.server "GET /static/drf-yasg/swagger-ui-dist/swagger-ui.css HTTP/1.1" 304 0
[2025-06-22 15:39:15,558] INFO django.server "GET /swagger/?format=openapi HTTP/1.1" 200 7562
[2025-06-22 15:39:26,948] INFO django.utils.autoreload /home/kyialbek/Projects/python_workspace/Kassir/saleanalytic/settings.py changed, reloading.
[2025-06-22 15:39:27,562] INFO django.utils.autoreload Watching for file changes with StatReloader
[2025-06-22 15:39:30,215] INFO django.utils.autoreload /home/kyialbek/Projects/python_workspace/Kassir/orders/views.py changed, reloading.
[2025-06-22 15:39:31,030] INFO django.utils.autoreload Watching for file changes with StatReloader
[2025-06-22 15:39:38,256] INFO django.server "GET /swagger/ HTTP/1.1" 200 2222
[2025-06-22 15:39:38,514] INFO django.server "GET /swagger/?format=openapi HTTP/1.1" 200 7562
[2025-06-22 15:41:17,768] INFO django.utils.autoreload Watching for file changes with StatReloader
[2025-06-22 15:41:25,632] INFO django.server "GET /swagger/ HTTP/1.1" 200 2222
[2025-06-22 15:41:25,883] INFO django.server "GET /swagger/?format=openapi HTTP/1.1" 200 7562
[2025-06-22 15:42:10,332] INFO django.utils.autoreload /home/kyialbek/Projects/python_workspace/Kassir/orders/views.py changed, reloading.
[2025-06-22 15:42:10,967] INFO django.utils.autoreload Watching for file changes with StatReloader
[2025-06-22 15:42:21,829] INFO django.utils.autoreload /home/kyialbek/Projects/python_workspace/Kassir/orders/views.py changed, reloading.
[2025-06-22 15:42:22,375] INFO django.utils.autoreload Watching for file changes with StatReloader
[2025-06-22 15:42:30,706] INFO django.server "GET /swagger/ HTTP/1.1" 200 2222
[2025-06-22 15:42:30,946] INFO django.server "GET /swagger/?format=openapi HTTP/1.1" 200 7562
[2025-06-22 15:45:35,308] INFO django.utils.autoreload /home/kyialbek/Projects/python_workspace/Kassir/orders/views.py changed, reloading.
[2025-06-22 15:45:35,869] INFO django.utils.autoreload Watching for file changes with StatReloader
[2025-06-22 15:46:05,157] INFO django.utils.autoreload /home/kyialbek/Projects/python_workspace/Kassir/orders/views.py changed, reloading.
[2025-06-22 15:46:05,644] INFO django.utils.autoreload Watching for file changes with StatReloader
[2025-06-22 15:46:15,252] INFO django.utils.autoreload Watching for file changes with StatReloader
[2025-06-22 15:46:19,580] INFO django.server "GET /swagger/ HTTP/1.1" 200 2222
[2025-06-22 15:46:19,866] INFO django.server "GET /swagger/?format=openapi HTTP/1.1" 200 7780
[2025-06-22 15:50:06,057] INFO django.utils.autoreload /home/kyialbek/Projects/python_workspace/Kassir/orders/views.py changed, reloading.
[2025-06-22 15:50:06,609] INFO django.utils.autoreload Watching for file changes with StatReloader
[2025-06-22 15:50:26,463] INFO django.utils.autoreload /home/kyialbek/Projects/python_workspace/Kassir/orders/views.py changed, reloading.
[2025-06-22 15:50:26,914] INFO django.utils.autoreload Watching for file changes with StatReloader
[2025-06-22 15:50:47,651] INFO django.utils.autoreload Watching for file changes with StatReloader
[2025-06-22 15:53:54,342] INFO django.utils.autoreload /home/kyialbek/Projects/python_workspace/Kassir/orders/views.py changed, reloading.
[2025-06-22 15:53:54,916] INFO django.utils.autoreload Watching for file changes with StatReloader
[2025-06-22 15:54:01,034] INFO orders.views Sales Analytics report created
[2025-06-22 15:54:01,035] INFO django.server "GET /reports/sales/ HTTP/1.1" 200 10126
[2025-06-22 15:54:50,428] INFO orders.views Sales Analytics report created
[2025-06-22 15:54:50,429] INFO django.server "GET /reports/sales/?start=2025-06-01&end=2025-06-30 HTTP/1.1" 200 10123
[2025-06-22 15:55:11,099] INFO orders.views Sales Analytics report created
[2025-06-22 15:55:11,100] INFO django.server "GET /reports/sales/?start=2025-06-01&end=2025-06-20 HTTP/1.1" 200 8532
[2025-06-22 15:59:12,519] INFO django.utils.autoreload /home/kyialbek/Projects/python_workspace/Kassir/orders/views.py changed, reloading.
[2025-06-22 15:59:13,046] INFO django.utils.autoreload Watching for file changes with StatReloader
[2025-06-22 15:59:21,600] INFO orders.views Sales Analytics report created
[2025-06-22 15:59:21,600] INFO django.server "GET /reports/sales/?start=2025-06-01&end=2025-06-20 HTTP/1.1" 200 7759
[2025-06-22 15:59:31,869] INFO orders.views Sales Analytics report created
[2025-06-22 15:59:31,870] INFO django.server "GET /reports/sales/?start=2025-06-01&end=2025-06-25 HTTP/1.1" 200 10127
[2025-06-22 16:08:56,255] INFO django.utils.autoreload Watching for file changes with StatReloader
[2025-06-22 16:09:11,782] INFO orders.views Sales Analytics report created
[2025-06-22 16:09:11,783] INFO django.server "GET /api/reports/sales/?start=2025-06-01&end=2025-06-25 HTTP/1.1" 200 10127
[2025-06-22 16:10:24,682] INFO django.server "GET /admin/accounts/client/ HTTP/1.1" 200 11258
[2025-06-22 16:10:24,751] INFO django.server "GET /static/admin/css/base.css HTTP/1.1" 304 0
[2025-06-22 16:10:24,755] INFO django.server "GET /static/admin/css/dark_mode.css HTTP/1.1" 304 0
[2025-06-22 16:10:24,757] INFO django.server "GET /static/admin/js/vendor/jquery/jquery.js HTTP/1.1" 304 0
[2025-06-22 16:10:24,762] INFO django.server "GET /static/admin/css/nav_sidebar.css HTTP/1.1" 304 0
[2025-06-22 16:10:24,768] INFO django.server "GET /static/admin/js/jquery.init.js HTTP/1.1" 304 0
[2025-06-22 16:10:24,769] INFO django.server "GET /static/admin/js/theme.js HTTP/1.1" 304 0
[2025-06-22 16:10:24,770] INFO django.server "GET /static/admin/js/nav_sidebar.js HTTP/1.1" 304 0
[2025-06-22 16:10:24,782] INFO django.server "GET /static/admin/css/changelists.css HTTP/1.1" 304 0
[2025-06-22 16:10:24,783] INFO django.server "GET /static/admin/js/core.js HTTP/1.1" 304 0
[2025-06-22 16:10:24,785] INFO django.server "GET /static/admin/js/admin/RelatedObjectLookups.js HTTP/1.1" 304 0
[2025-06-22 16:10:24,797] INFO django.server "GET /static/admin/css/responsive.css HTTP/1.1" 200 16565
[2025-06-22 16:10:24,800] INFO django.server "GET /static/admin/js/actions.js HTTP/1.1" 304 0
[2025-06-22 16:10:24,803] INFO django.server "GET /admin/jsi18n/ HTTP/1.1" 200 3342
[2025-06-22 16:10:24,811] INFO django.server "GET /static/admin/js/urlify.js HTTP/1.1" 304 0
[2025-06-22 16:10:24,831] INFO django.server "GET /static/admin/js/prepopulate.js HTTP/1.1" 304 0
[2025-06-22 16:10:24,833] INFO django.server "GET /static/admin/js/vendor/xregexp/xregexp.js HTTP/1.1" 304 0
[2025-06-22 16:10:24,843] INFO django.server "GET /static/admin/js/filters.js HTTP/1.1" 304 0
[2025-06-22 16:10:24,945] WARNING django.request Not Found: /favicon.ico
[2025-06-22 16:10:24,950] INFO django.server "GET /static/admin/img/icon-addlink.svg HTTP/1.1" 200 331
[2025-06-22 16:10:24,950] INFO django.server "GET /static/admin/img/tooltag-add.svg HTTP/1.1" 200 331
[2025-06-22 16:10:38,583] INFO django.server "POST /api/token/ HTTP/1.1" 200 483
[2025-06-22 16:11:22,555] INFO orders.serializers Subtotal '100.00', Total '412.0000'
[2025-06-22 16:11:22,560] INFO orders.views Order created
[2025-06-22 16:11:22,561] INFO django.server "POST /api/orders/ HTTP/1.1" 201 40
[2025-06-22 16:11:28,808] INFO django.server "GET /api/orders/3 HTTP/1.1" 301 0
[2025-06-22 16:11:28,828] WARNING django.request Method Not Allowed: /api/orders/3/
[2025-06-22 16:11:28,828] WARNING django.server "GET /api/orders/3/ HTTP/1.1" 405 40
[2025-06-22 16:12:02,952] INFO django.server "GET /api/orders/ HTTP/1.1" 200 930
